当前时间：2018/3/31 8:44:24
异常信息：列名 'PlanDateMaker' 无效。
INSERT 语句中列的数目小于 VALUES 子句中指定的值的数目。VALUES 子句中值的数目必须与 INSERT 语句中指定的列的数目匹配。
异常对象：.Net SqlClient Data Provider
调用堆栈：
在 System.Data.SqlClient.SqlConnection.OnError(SqlException exception, Boolean breakConnection, Action`1 wrapCloseInAction)
   在 System.Data.SqlClient.SqlInternalConnection.OnError(SqlException exception, Boolean breakConnection, Action`1 wrapCloseInAction)
   在 System.Data.SqlClient.TdsParser.ThrowExceptionAndWarning(TdsParserStateObject stateObj, Boolean callerHasConnectionLock, Boolean asyncClose)
   在 System.Data.SqlClient.TdsParser.TryRun(RunBehavior runBehavior, SqlCommand cmdHandler, SqlDataReader dataStream, BulkCopySimpleResultSet bulkCopyHandler, TdsParserStateObject stateObj, Boolean& dataReady)
   在 System.Data.SqlClient.SqlDataReader.TryConsumeMetaData()
   在 System.Data.SqlClient.SqlDataReader.get_MetaData()
   在 System.Data.SqlClient.SqlCommand.FinishExecuteReader(SqlDataReader ds, RunBehavior runBehavior, String resetOptionsString, Boolean isInternal, Boolean forDescribeParameterEncryption)
   在 System.Data.SqlClient.SqlCommand.RunExecuteReaderTds(CommandBehavior cmdBehavior, RunBehavior runBehavior, Boolean returnStream, Boolean async, Int32 timeout, Task& task, Boolean asyncWrite, Boolean inRetry, SqlDataReader ds, Boolean describeParameterEncryptionRequest)
   在 System.Data.SqlClient.SqlCommand.RunExecuteReader(CommandBehavior cmdBehavior, RunBehavior runBehavior, Boolean returnStream, String method, TaskCompletionSource`1 completion, Int32 timeout, Task& task, Boolean& usedCache, Boolean asyncWrite, Boolean inRetry)
   在 System.Data.SqlClient.SqlCommand.RunExecuteReader(CommandBehavior cmdBehavior, RunBehavior runBehavior, Boolean returnStream, String method)
   在 System.Data.SqlClient.SqlCommand.ExecuteReader(CommandBehavior behavior, String method)
   在 System.Data.SqlClient.SqlCommand.ExecuteDbDataReader(CommandBehavior behavior)
   在 System.Data.Common.DbCommand.System.Data.IDbCommand.ExecuteReader(CommandBehavior behavior)
   在 System.Data.Common.DbDataAdapter.FillInternal(DataSet dataset, DataTable[] datatables, Int32 startRecord, Int32 maxRecords, String srcTable, IDbCommand command, CommandBehavior behavior)
   在 System.Data.Common.DbDataAdapter.Fill(DataSet dataSet, Int32 startRecord, Int32 maxRecords, String srcTable, IDbCommand command, CommandBehavior behavior)
   在 System.Data.Common.DbDataAdapter.Fill(DataSet dataSet)
   在 AutoPurchaseRecords.SQLHelper.ExecuteDataTable(String sql) 位置 c:\Users\赵轩\Desktop\AutoPurchaseRecords\AutoPurchaseRecords\AutoPurchaseRecords\SqlHelper.cs:行号 89
   在 AutoPurchaseRecords.Form1.button2_Click(Object sender, EventArgs e) 位置 c:\Users\赵轩\Desktop\AutoPurchaseRecords\AutoPurchaseRecords\AutoPurchaseRecords\Form1.cs:行号 210
触发方法：Void OnError(System.Data.SqlClient.SqlException, Boolean, System.Action`1[System.Action])

当前时间：2018/3/31 10:52:30
异常信息：ConnectionString 属性尚未初始化。
异常对象：System.Data
调用堆栈：
在 System.Data.SqlClient.SqlConnection.PermissionDemand()
   在 System.Data.SqlClient.SqlConnectionFactory.PermissionDemand(DbConnection outerConnection)
   在 System.Data.ProviderBase.DbConnectionInternal.TryOpenConnectionInternal(DbConnection outerConnection, DbConnectionFactory connectionFactory, TaskCompletionSource`1 retry, DbConnectionOptions userOptions)
   在 System.Data.ProviderBase.DbConnectionClosed.TryOpenConnection(DbConnection outerConnection, DbConnectionFactory connectionFactory, TaskCompletionSource`1 retry, DbConnectionOptions userOptions)
   在 System.Data.SqlClient.SqlConnection.TryOpenInner(TaskCompletionSource`1 retry)
   在 System.Data.SqlClient.SqlConnection.TryOpen(TaskCompletionSource`1 retry)
   在 System.Data.SqlClient.SqlConnection.Open()
   在 System.Data.Common.DbDataAdapter.FillInternal(DataSet dataset, DataTable[] datatables, Int32 startRecord, Int32 maxRecords, String srcTable, IDbCommand command, CommandBehavior behavior)
   在 System.Data.Common.DbDataAdapter.Fill(DataSet dataSet, Int32 startRecord, Int32 maxRecords, String srcTable, IDbCommand command, CommandBehavior behavior)
   在 System.Data.Common.DbDataAdapter.Fill(DataSet dataSet)
   在 AutoPurchaseRecords.SQLHelper.ExecuteDataTable(String sql) 位置 c:\Users\赵轩\Desktop\AutoPurchaseRecords\AutoPurchaseRecords\AutoPurchaseRecords\SqlHelper.cs:行号 89
   在 AutoPurchaseRecords.Form1.GetGridView() 位置 c:\Users\赵轩\Desktop\AutoPurchaseRecords\AutoPurchaseRecords\AutoPurchaseRecords\Form1.cs:行号 87
   在 AutoPurchaseRecords.Form1.button3_Click(Object sender, EventArgs e) 位置 c:\Users\赵轩\Desktop\AutoPurchaseRecords\AutoPurchaseRecords\AutoPurchaseRecords\Form1.cs:行号 375
触发方法：Void PermissionDemand()

当前时间：2018/3/31 10:55:15
异常信息：ConnectionString 属性尚未初始化。
异常对象：System.Data
调用堆栈：
在 System.Data.SqlClient.SqlConnection.PermissionDemand()
   在 System.Data.SqlClient.SqlConnectionFactory.PermissionDemand(DbConnection outerConnection)
   在 System.Data.ProviderBase.DbConnectionInternal.TryOpenConnectionInternal(DbConnection outerConnection, DbConnectionFactory connectionFactory, TaskCompletionSource`1 retry, DbConnectionOptions userOptions)
   在 System.Data.ProviderBase.DbConnectionClosed.TryOpenConnection(DbConnection outerConnection, DbConnectionFactory connectionFactory, TaskCompletionSource`1 retry, DbConnectionOptions userOptions)
   在 System.Data.SqlClient.SqlConnection.TryOpenInner(TaskCompletionSource`1 retry)
   在 System.Data.SqlClient.SqlConnection.TryOpen(TaskCompletionSource`1 retry)
   在 System.Data.SqlClient.SqlConnection.Open()
   在 System.Data.Common.DbDataAdapter.FillInternal(DataSet dataset, DataTable[] datatables, Int32 startRecord, Int32 maxRecords, String srcTable, IDbCommand command, CommandBehavior behavior)
   在 System.Data.Common.DbDataAdapter.Fill(DataSet dataSet, Int32 startRecord, Int32 maxRecords, String srcTable, IDbCommand command, CommandBehavior behavior)
   在 System.Data.Common.DbDataAdapter.Fill(DataSet dataSet)
   在 AutoPurchaseRecords.SQLHelper.ExecuteDataTable(String sql) 位置 c:\Users\赵轩\Desktop\AutoPurchaseRecords\AutoPurchaseRecords\AutoPurchaseRecords\SqlHelper.cs:行号 89
   在 AutoPurchaseRecords.Form1.GetGridView() 位置 c:\Users\赵轩\Desktop\AutoPurchaseRecords\AutoPurchaseRecords\AutoPurchaseRecords\Form1.cs:行号 87
   在 AutoPurchaseRecords.Form1.button3_Click(Object sender, EventArgs e) 位置 c:\Users\赵轩\Desktop\AutoPurchaseRecords\AutoPurchaseRecords\AutoPurchaseRecords\Form1.cs:行号 375
触发方法：Void PermissionDemand()

当前时间：2018/3/31 10:58:58
异常信息：ConnectionString 属性尚未初始化。
异常对象：System.Data
调用堆栈：
在 System.Data.SqlClient.SqlConnection.PermissionDemand()
   在 System.Data.SqlClient.SqlConnectionFactory.PermissionDemand(DbConnection outerConnection)
   在 System.Data.ProviderBase.DbConnectionInternal.TryOpenConnectionInternal(DbConnection outerConnection, DbConnectionFactory connectionFactory, TaskCompletionSource`1 retry, DbConnectionOptions userOptions)
   在 System.Data.ProviderBase.DbConnectionClosed.TryOpenConnection(DbConnection outerConnection, DbConnectionFactory connectionFactory, TaskCompletionSource`1 retry, DbConnectionOptions userOptions)
   在 System.Data.SqlClient.SqlConnection.TryOpenInner(TaskCompletionSource`1 retry)
   在 System.Data.SqlClient.SqlConnection.TryOpen(TaskCompletionSource`1 retry)
   在 System.Data.SqlClient.SqlConnection.Open()
   在 System.Data.Common.DbDataAdapter.FillInternal(DataSet dataset, DataTable[] datatables, Int32 startRecord, Int32 maxRecords, String srcTable, IDbCommand command, CommandBehavior behavior)
   在 System.Data.Common.DbDataAdapter.Fill(DataSet dataSet, Int32 startRecord, Int32 maxRecords, String srcTable, IDbCommand command, CommandBehavior behavior)
   在 System.Data.Common.DbDataAdapter.Fill(DataSet dataSet)
   在 AutoPurchaseRecords.SQLHelper.ExecuteDataTable(String sql) 位置 c:\Users\赵轩\Desktop\AutoPurchaseRecords\AutoPurchaseRecords\AutoPurchaseRecords\SqlHelper.cs:行号 89
   在 AutoPurchaseRecords.Form1.GetGridView() 位置 c:\Users\赵轩\Desktop\AutoPurchaseRecords\AutoPurchaseRecords\AutoPurchaseRecords\Form1.cs:行号 87
   在 AutoPurchaseRecords.Form1.button3_Click(Object sender, EventArgs e) 位置 c:\Users\赵轩\Desktop\AutoPurchaseRecords\AutoPurchaseRecords\AutoPurchaseRecords\Form1.cs:行号 375
触发方法：Void PermissionDemand()

